Log of:D:\daten\mustafa\entwicklung\windows\delphi\CAM2DTools\binroot\data\drawings\gcode\zahnrad.din
Xmin:6553500 Ymin:6553500
Xmax:     0 Ymax:     0
OffSetX:6922507
OffSetY:5380876
Scale  :-0.000122
------------------------
N100G91
Linenumber Gosub
------------------------
N101G00X284.70Y453.10
Linenumber Gosub
------------------------
N102G42
Linenumber Gosub
------------------------
N103M10
Linenumber Gosub
------------------------
N104G01X21.30Y-13.00
Linenumber Gosub
------------------------
N105G03X0.41Y28.11I-23.40J14.40
Linenumber Gosub
------------------------
N106G01X-18.20Y31.50
Linenumber Gosub
------------------------
N107X-53.50Y30.80
Linenumber Gosub
------------------------
N108G03X-13.74Y-3.57I-5.10J-8.60
Linenumber Gosub
------------------------
N109G01X-32.00Y-55.50
Linenumber Gosub
------------------------
N110G03X3.72Y-13.56I8.70J-4.90
Linenumber Gosub
------------------------
N111G01X53.50Y-30.90
Linenumber Gosub
------------------------
N112X36.40Y0.00
Linenumber Gosub
------------------------
N113G03X23.39Y13.20I-0.10J27.50
Linenumber Gosub
------------------------
N114X-0.77Y3.55I-2.10J1.40
Linenumber Gosub
------------------------
N115M11
Linenumber Gosub
------------------------
N116M40
Linenumber Gosub
------------------------
N117G00X-41.83Y-126.75
Linenumber Gosub
------------------------
N118G42
Linenumber Gosub
------------------------
N119M10
Linenumber Gosub
------------------------
N120G01X25.00Y0.00
Linenumber Gosub
------------------------
N121G03X0.00Y0.00I-27.50J-0.03
Linenumber Gosub
------------------------
N122X-2.50Y2.60I-2.50J0.10
Linenumber Gosub
------------------------
N123M11
Linenumber Gosub
------------------------
N124M40
Linenumber Gosub
------------------------
N125G00X105.00Y-50.10
Linenumber Gosub
------------------------
N126G42
Linenumber Gosub
------------------------
N127M10
Linenumber Gosub
------------------------
N128G01X0.90Y25.00
Linenumber Gosub
------------------------
N129G03X-24.81Y-13.70I-1.00J-27.50
Linenumber Gosub
------------------------
N130G01X-18.20Y-31.50
Linenumber Gosub
------------------------
N131X0.00Y-61.80
Linenumber Gosub
------------------------
N132G03X10.00Y-10.00I10.00J0.00
Linenumber Gosub
------------------------
N133G01X64.00Y0.00
Linenumber Gosub
------------------------
N134G03X10.00Y10.01I0.00J10.00
Linenumber Gosub
------------------------
N135G01X0.00Y61.80
Linenumber Gosub
------------------------
N136X-18.20Y31.50
Linenumber Gosub
------------------------
N137G03X-22.80Y13.69I-23.80J-13.80
Linenumber Gosub
------------------------
N138X-2.60Y-2.50I0.00J-2.60
Linenumber Gosub
------------------------
N139M11
Linenumber Gosub
------------------------
N140M40
Linenumber Gosub
------------------------
N141G00X4.10Y250.00
Linenumber Gosub
------------------------
N142G42
Linenumber Gosub
------------------------
N143M10
Linenumber Gosub
------------------------
N144G01X25.00Y0.00
Linenumber Gosub
------------------------
N145G03X0.00Y0.00I-27.50J-0.03
Linenumber Gosub
------------------------
N146X-2.50Y2.60I-2.50J0.10
Linenumber Gosub
------------------------
N147M11
Linenumber Gosub
------------------------
N148M40
Linenumber Gosub
------------------------
N149G00X1.50Y-126.10
Linenumber Gosub
------------------------
N150G42
Linenumber Gosub
------------------------
N151M10
Linenumber Gosub
------------------------
N152G01X17.70Y17.70
Linenumber Gosub
------------------------
N153G03X0.00Y0.00I-44.20J-44.20
Linenumber Gosub
------------------------
N154X-3.60Y0.00I-1.80J-1.80
Linenumber Gosub
------------------------
N155M11
Linenumber Gosub
------------------------
N156M40
Linenumber Gosub
------------------------
N157G00X65.50Y17.10
Linenumber Gosub
------------------------
N158G42
Linenumber Gosub
------------------------
N159M10
Linenumber Gosub
------------------------
N160G01X-22.00Y-11.90
Linenumber Gosub
------------------------
N161G03X24.20Y-14.42I24.20J13.10
Linenumber Gosub
------------------------
N162G01X36.30Y0.00
Linenumber Gosub
------------------------
N163X53.50Y30.90
Linenumber Gosub
------------------------
N164G03X3.74Y13.62I-5.00J8.70
Linenumber Gosub
------------------------
N165G01X-32.00Y55.50
Linenumber Gosub
------------------------
N166G03X-13.67Y3.56I-8.60J-5.00
Linenumber Gosub
------------------------
N167G01X-53.50Y-30.80
Linenumber Gosub
------------------------
N168X-18.20Y-31.50
Linenumber Gosub
------------------------
N169G03X-0.28Y-26.89I23.90J-13.70
Linenumber Gosub
------------------------
N170X3.40Y-1.00I2.20J1.20
Linenumber Gosub
------------------------
N171M11
Linenumber Gosub
------------------------
N172M40
Linenumber Gosub
------------------------
N173G00X44.90Y-123.40
Linenumber Gosub
------------------------
N174G42
Linenumber Gosub
------------------------
N175M10
Linenumber Gosub
------------------------
N176G01X25.00Y0.00
Linenumber Gosub
------------------------
N177G03X0.00Y0.00I-27.50J-0.03
Linenumber Gosub
------------------------
N178X-2.50Y2.60I-2.50J0.10
Linenumber Gosub
------------------------
N179M11
Linenumber Gosub
------------------------
N180M40
Linenumber Gosub
------------------------
N181G00X127.10Y-204.40
Linenumber Gosub
------------------------
N182G42
Linenumber Gosub
------------------------
N183M10
Linenumber Gosub
------------------------
N184G01X-25.00Y1.20
Linenumber Gosub
------------------------
N185X-6.30Y-5.80
Linenumber Gosub
------------------------
N186G02X-12.50Y-3.18I-9.30J10.40
Linenumber Gosub
------------------------
N187G01X-39.50Y9.30
Linenumber Gosub
------------------------
N188G03X-40.90Y-25.30I-7.80J-33.10
Linenumber Gosub
------------------------
N189G01X-9.30Y-39.50
Linenumber Gosub
------------------------
N190G02X-8.41Y-9.77I-13.60J3.20
Linenumber Gosub
------------------------
N191G01X-8.00Y-3.10
Linenumber Gosub
------------------------
N192G02X-12.82Y1.57I-4.90J13.10
Linenumber Gosub
------------------------
N193G01X-33.50Y22.90
Linenumber Gosub
------------------------
N194G03X-47.22Y-8.79I-19.20J-28.10
Linenumber Gosub
------------------------
N195G01X-23.00Y-33.50
Linenumber Gosub
------------------------
N196G02X-11.40Y-6.05I-11.50J7.90
Linenumber Gosub
------------------------
N197G01X-8.50Y0.00
Linenumber Gosub
------------------------
N198G02X-11.44Y6.07I0.10J14.00
Linenumber Gosub
------------------------
N199G01X-23.00Y33.50
Linenumber Gosub
------------------------
N200G03X-47.19Y8.78I-28.00J-19.30
Linenumber Gosub
------------------------
N201G01X-33.50Y-22.90
Linenumber Gosub
------------------------
N202G02X-12.79Y-1.57I-7.90J11.50
Linenumber Gosub
------------------------
N203G01X-8.00Y3.10
Linenumber Gosub
------------------------
N204G02X-8.43Y9.79I5.20J13.00
Linenumber Gosub
------------------------
N205G01X-9.30Y39.50
Linenumber Gosub
------------------------
N206G03X-40.90Y25.30I-33.10J-7.80
Linenumber Gosub
------------------------
N207G01X-39.50Y-9.30
Linenumber Gosub
------------------------
N208G02X-12.51Y3.19I-3.20J13.60
Linenumber Gosub
------------------------
N209G01X-6.30Y5.80
Linenumber Gosub
------------------------
N210G02X-4.40Y12.10I9.50J10.30
Linenumber Gosub
------------------------
N211G01X5.60Y40.20
Linenumber Gosub
------------------------
N212G03X-28.90Y38.41I-33.60J4.80
Linenumber Gosub
------------------------
N213G01X-40.20Y5.60
Linenumber Gosub
------------------------
N214G02X-10.50Y7.50I2.00J13.90
Linenumber Gosub
------------------------
N215G01X-3.90Y7.60
Linenumber Gosub
------------------------
N216G02X0.41Y12.99I12.60J6.10
Linenumber Gosub
------------------------
N217G01X19.80Y35.40
Linenumber Gosub
------------------------
N218G03X-13.20Y46.20I-29.70J16.50
Linenumber Gosub
------------------------
N219G01X-35.50Y19.80
Linenumber Gosub
------------------------
N220G02X-7.05Y10.81I6.90J12.20
Linenumber Gosub
------------------------
N221G01X-0.80Y8.50
Linenumber Gosub
------------------------
N222G02X5.07Y11.94I14.00J1.10
Linenumber Gosub
------------------------
N223G01X31.20Y25.90
Linenumber Gosub
------------------------
N224G03X4.35Y47.86I-21.70J26.10
Linenumber Gosub
------------------------
N225G01X-25.90Y31.20
Linenumber Gosub
------------------------
N226G02X-2.79Y12.60I10.80J9.00
Linenumber Gosub
------------------------
N227G01X2.40Y8.30
Linenumber Gosub
------------------------
N228G02X9.01Y9.28I13.40J-4.00
Linenumber Gosub
------------------------
N229G01X38.40Y12.90
Linenumber Gosub
------------------------
N230G03X21.53Y43.01I-10.80J32.30
Linenumber Gosub
------------------------
N231G01X-12.90Y38.50
Linenumber Gosub
------------------------
N232G02X2.01Y12.69I13.30J4.40
Linenumber Gosub
------------------------
N233G01X5.10Y6.90
Linenumber Gosub
------------------------
N234G02X11.80Y5.42I11.10J-8.60
Linenumber Gosub
------------------------
N235G01X40.50Y-1.90
Linenumber Gosub
------------------------
N236G03X35.50Y32.40I1.50J34.00
Linenumber Gosub
------------------------
N237G01X1.90Y40.50
Linenumber Gosub
------------------------
N238G02X6.48Y11.23I14.00J-0.60
Linenumber Gosub
------------------------
N239G01X7.30Y4.50
Linenumber Gosub
------------------------
N240G02X12.89Y0.78I7.20J-12.00
Linenumber Gosub
------------------------
N241G01X37.10Y-16.30
Linenumber Gosub
------------------------
N242G03X44.76Y17.32I13.70J31.10
Linenumber Gosub
------------------------
N243G01X16.40Y37.10
Linenumber Gosub
------------------------
N244G02X10.10Y8.11I12.80J-5.60
Linenumber Gosub
------------------------
N245G01X8.40Y1.60
Linenumber Gosub
------------------------
N246G02X12.30Y-3.90I2.40J-13.80
Linenumber Gosub
------------------------
N247G01X28.70Y-28.70
Linenumber Gosub
------------------------
N248G03X48.15Y-0.05I24.10J24.10
Linenumber Gosub
------------------------
N249G01X28.70Y28.70
Linenumber Gosub
------------------------
N250G02X12.30Y3.89I9.90J-9.90
Linenumber Gosub
------------------------
N251G01X8.40Y-1.60
Linenumber Gosub
------------------------
N252G02X10.09Y-8.10I-2.70J-13.70
Linenumber Gosub
------------------------
N253G01X16.40Y-37.10
Linenumber Gosub
------------------------
N254G03X44.82Y-17.34I31.10J13.80
Linenumber Gosub
------------------------
N255G01X37.10Y16.30
Linenumber Gosub
------------------------
N256G02X12.91Y-0.79I5.70J-12.80
Linenumber Gosub
------------------------
N257G01X7.30Y-4.50
Linenumber Gosub
------------------------
N258G02X6.47Y-11.20I-7.50J-11.80
Linenumber Gosub
------------------------
N259G01X1.90Y-40.50
Linenumber Gosub
------------------------
N260G03X35.50Y-32.40I34.00J1.60
Linenumber Gosub
------------------------
N261G01X40.50Y1.90
Linenumber Gosub
------------------------
N262G02X11.78Y-5.41I0.70J-14.00
Linenumber Gosub
------------------------
N263G01X5.10Y-6.90
Linenumber Gosub
------------------------
N264G02X2.01Y-12.70I-11.30J-8.30
Linenumber Gosub
------------------------
N265G01X-12.90Y-38.50
Linenumber Gosub
------------------------
N266G03X21.51Y-42.97I32.30J-10.70
Linenumber Gosub
------------------------
N267G01X38.40Y-12.90
Linenumber Gosub
------------------------
N268G02X9.02Y-9.29I-4.40J-13.30
Linenumber Gosub
------------------------
N269G01X2.30Y-8.30
Linenumber Gosub
------------------------
N270G02X-2.70Y-12.60I-13.50J-3.70
Linenumber Gosub
------------------------
N271G01X-25.90Y-31.20
Linenumber Gosub
------------------------
N272G03X4.36Y-47.95I26.10J-21.80
Linenumber Gosub
------------------------
N273G01X31.20Y-25.90
Linenumber Gosub
------------------------
N274G02X4.97Y-11.90I-8.90J-10.70
Linenumber Gosub
------------------------
N275G01X-0.70Y-8.50
Linenumber Gosub
------------------------
N276G02X-7.21Y-10.78I-13.90J1.50
Linenumber Gosub
------------------------
N277G01X-35.40Y-19.80
Linenumber Gosub
------------------------
N278G03X-13.20Y-46.20I16.50J-29.70
Linenumber Gosub
------------------------
N279G01X19.80Y-35.40
Linenumber Gosub
------------------------
N280G02X0.42Y-13.01I-12.20J-6.90
Linenumber Gosub
------------------------
N281G01X-3.90Y-7.60
Linenumber Gosub
------------------------
N282G02X-10.50Y-7.50I-12.50J6.40
Linenumber Gosub
------------------------
N283G01X-40.20Y-5.60
Linenumber Gosub
------------------------
N284G03X-29.00Y-38.40I4.70J-33.70
Linenumber Gosub
------------------------
N285G01X5.70Y-40.20
Linenumber Gosub
------------------------
N286G02X-4.40Y-12.10I-13.90J-1.80
Linenumber Gosub
------------------------
N287G03X-0.15Y-3.65I1.80J-1.90
Linenumber Gosub
------------------------
N288M11
Linenumber Gosub
------------------------
N289M40
Linenumber Gosub
------------------------
N290M30
Linenumber Gosub
------------------------

End of Program.
milling length 0 mm 
